<?xml version="1.0" encoding="UTF-8" ?>
<!DOCTYPE mapper PUBLIC "-//mybatis.org//DTD Mapper 3.0//EN"
	"http://mybatis.org/dtd/mybatis-3-mapper.dtd">
	
<mapper namespace="kr.co.mlec.Comment.CommentDAO">
	<select id="commentSelect" parameterType="int" resultType="comment">
		SELECT
			c_id as cId,
			b_id as bId,
			p_id as pId,
			user,
			content,
			date_format(created_date, '%Y-%M-%D') as createdDate,
			date_format(updated_date, '%Y-%M-%D') as updatedDate,
			is_deleted as isDeleted,
			(SELECT
				COUNT(*)
			FROM
				test_db.comment child
			WHERE
				child.p_id = parent.c_id AND is_deleted = "N") AS repNum
		FROM
			test_db.comment parent
		WHERE
			b_id = #{boardNo} AND p_id IS NULL AND is_deleted = "N"
	</select>
	
	<select id="replySelect" parameterType="int" resultType="comment">
		SELECT
			c_id as cId,
			b_id as bId,
			p_id as pId,
			user,
			content,
			date_format(created_date, '%Y-%M-%D') as createdDate,
			date_format(updated_date, '%Y-%M-%D') as updatedDate,
			is_deleted as isDeleted
		FROM
			test_db.comment
		WHERE
			p_id = #{cId} AND is_deleted = "N"
	</select>
	
	<select id="commentSelectByUser" parameterType="String" resultType="comment">
		SELECT
			c_id as cId,
			b_id as bId,
			p_id as pId,
			user,
			content,
			date_format(created_date, '%Y-%M-%D') as createdDate,
			date_format(updated_date, '%Y-%M-%D') as updatedDate,
			is_deleted as isDeleted
		FROM
			test_db.comment
		WHERE
			user = #{username}
	</select>
	
	<insert id="replyInsert" parameterType="comment">
		INSERT INTO test_db.comment(b_id, p_id, user, content)
			values(#{bId}, #{cId}, #{user}, #{content})
	</insert>
	
	<insert id="commentInsert" parameterType="comment">
		INSERT INTO test_db.comment(b_id, user, content)
			values(#{bId}, #{user}, #{content})
	</insert>
	
	<update id="commentDelete" parameterType="int">
		UPDATE
			test_db.comment
		SET
			is_deleted = "Y"
		WHERE
			c_id = #{cId}
	</update>
	
	<update id="commentUpdate" parameterType="comment">
		UPDATE
			test_db.comment
		SET
			content = #{content}
		WHERE
			c_id = #{cId}
	</update>
</mapper>