<?xml version="1.0" encoding="UTF-8" ?>
<!DOCTYPE mapper PUBLIC "-//mybatis.org//DTD Mapper 3.0//EN"
	"http://mybatis.org/dtd/mybatis-3-mapper.dtd">
	
<mapper namespace="kr.co.mlec.Board.BoardDAO">
	<select id="boardSelect" resultType="board">
		select 
			board_no as boardNo,
			writer,
			title,
			date_format(reg_date, '%Y-%M-%D') as regDate,
			is_deleted as isDeleted
		FROM 
			test_db.board parent
		WHERE 
		  	is_deleted = "N"
		order by board_no desc
	</select>
	
	<select id="boardSelectByUser" parameterType="String" resultType="board">
		select 
			board_no as boardNo,
			writer,
			title,
			date_format(reg_date, '%Y-%M-%D') as regDate,
			is_deleted as isDeleted
		FROM 
			test_db.board parent
		WHERE 
		  	writer = #{username}
		order by board_no desc
	</select>
	
	<select id="boardDetail" parameterType="int" resultType="board">
		select board_no as boardNo, writer, title, content,
			   date_format(reg_date, '%Y-%M-%D') as regDate,
			   is_deleted as isDeleted
		  from test_db.board
		 where board_no = #{boardNo}
	</select>
	
	<insert id="boardInsert" parameterType="board">
		insert into test_db.board(title, writer, content)
		 values (#{title}, #{writer}, #{content})
		 <selectKey resultType="int" keyProperty="boardNo" order="AFTER">
    		select last_insert_id()
    	</selectKey>
	</insert>
	
	<update id="boardDelete" parameterType="int">
		UPDATE
			test_db.board
		SET
			is_deleted = "Y"
		WHERE 
			board_no = #{boardNo}
	</update>
	
	<update id="boardUpdate" parameterType="board">
		update test_db.board
			set title = #{title},
    			content = #{content}
    	 where board_no = #{boardNo}
	</update>
	
	<select id="getBoardTotalNum" parameterType="criteria" resultType="int">
		SELECT
			COUNT(*)
		FROM
			test_db.board
		<if test="keyword != null">
			WHERE
				title LIKE concat('%', #{keyword}, '%')
				AND
				is_deleted = "N"
		</if>
		<if test="keyword == null">
				WHERE 
			  		is_deleted = "N"
		</if>
	</select>
	
	<select id="boardSelectPaging" parameterType="criteria" resultType="board">
		SELECT
			*
		FROM
			( 
				SELECT
					board_no as boardNo,
					writer,
					title,
					date_format(reg_date, '%Y-%M-%D') as regDate,
					is_deleted as isDeleted
				FROM
					test_db.board
				<if test="keyword != null">
					WHERE
						title LIKE concat('%', #{keyword}, '%')
						AND
						is_deleted = "N"
				</if>
				<if test="keyword == null">
					WHERE 
			  			is_deleted = "N"
				</if>
				ORDER BY
					board_no desc
			) AS T1
		LIMIT
			#{skip}, #{amount}
	</select>
</mapper>